Wed Jan 22 13:26:52 CST 2025-server started on port:12614
Wed Jan 22 13:26:52 CST 2025-method: fooparams: [Ljava.lang.Object;@69715b0d resp: {}
Thu Jan 23 13:34:26 CST 2025-fail to call err, io.netty.channel.AbstractChannel$AnnotatedConnectException: Connection refused: no further information: /127.0.0.1:9992
Thu Jan 23 13:35:32 CST 2025-server started on port:9992
Thu Jan 23 13:36:20 CST 2025-server started on port:9992
Thu Jan 23 13:40:05 CST 2025-server started on port:9992
Thu Jan 23 13:42:02 CST 2025-server started on port:9992
Thu Jan 23 13:43:15 CST 2025-server started on port:9992
Thu Jan 23 13:43:29 CST 2025-method: addIncomingQueueparams: [Ljava.lang.Object;@2b71e916 resp: null
Thu Jan 23 15:58:06 CST 2025-server started on port:12225
Thu Jan 23 15:58:06 CST 2025-method: fooparams: [Ljava.lang.Object;@81ed985 resp: {}
Thu Jan 23 16:01:30 CST 2025-server started on port:9992
Thu Jan 23 16:01:30 CST 2025-method: addIncomingQueueparams: [Ljava.lang.Object;@5606c0b resp: null
Wed Feb 05 08:53:20 CST 2025-server started on port:9992
Wed Feb 05 08:55:53 CST 2025-server started on port:9992
Wed Feb 05 08:56:21 CST 2025-server started on port:9992
Wed Feb 05 08:56:35 CST 2025-server started on port:9992
Wed Feb 05 08:57:12 CST 2025-server started on port:9992
Wed Feb 05 08:57:56 CST 2025-server started on port:9992
Wed Feb 05 09:02:57 CST 2025-server started on port:9992
Wed Feb 05 09:06:24 CST 2025-server started on port:9992
Wed Feb 05 09:08:49 CST 2025-server started on port:9992
Wed Feb 05 09:08:54 CST 2025-method: addIncomingQueueparams: [Ljava.lang.Object;@564fabc8 resp: null
Wed Feb 05 09:15:43 CST 2025-server started on port:9992
Wed Feb 05 09:15:46 CST 2025-method: addIncomingQueueparams: [Ljava.lang.Object;@564fabc8 resp: null
Wed Feb 05 09:16:38 CST 2025-server started on port:9992
Wed Feb 05 09:16:48 CST 2025-method: addIncomingQueueparams: [Ljava.lang.Object;@564fabc8 resp: null
Wed Feb 05 09:16:58 CST 2025-method: workparams: [Ljava.lang.Object;@702657cc resp: null
Wed Feb 05 09:19:10 CST 2025-server started on port:9992
Wed Feb 05 09:19:10 CST 2025-method: addIncomingQueueparams: [Ljava.lang.Object;@361c9b62 resp: null
Wed Feb 05 09:19:13 CST 2025-method: workparams: [Ljava.lang.Object;@1bd4fdd resp: null
Wed Feb 05 09:20:54 CST 2025-method: addIncomingQueueparams: [Ljava.lang.Object;@364478d4 resp: null
Thu Feb 06 08:10:46 CST 2025-server started on port:9992
Thu Feb 06 08:10:46 CST 2025-method: addIncomingQueueparams: [Ljava.lang.Object;@2048a535 resp: null
Thu Feb 06 08:10:46 CST 2025-method: workparams: [Ljava.lang.Object;@1b68b9a4 resp: null
Thu Feb 06 08:10:46 CST 2025-method: addIncomingQueueparams: [Ljava.lang.Object;@36574a45 resp: null
Thu Feb 06 09:12:17 CST 2025-server started on port:9992
Thu Feb 06 09:12:17 CST 2025-method: addIncomingQueueparams: [Ljava.lang.Object;@3497cf6d resp: null
Thu Feb 06 09:12:20 CST 2025-method: workparams: [Ljava.lang.Object;@1bd4fdd resp: null
Thu Feb 06 09:12:23 CST 2025-server started on port:9992
Thu Feb 06 09:12:23 CST 2025-method: addIncomingQueueparams: [Ljava.lang.Object;@4bdf4fcc resp: null
Thu Feb 06 09:12:23 CST 2025-method: workparams: [Ljava.lang.Object;@1b68b9a4 resp: null
Thu Feb 06 09:12:23 CST 2025-method: addIncomingQueueparams: [Ljava.lang.Object;@1d3c9111 resp: null
Thu Feb 06 09:17:35 CST 2025-server started on port:11065
Thu Feb 06 09:17:35 CST 2025-method: fooparams: [Ljava.lang.Object;@1acdf298 resp: {}
Thu Feb 06 09:17:44 CST 2025-server started on port:12788
Thu Feb 06 09:17:45 CST 2025-method: fooparams: [Ljava.lang.Object;@709be0b9 resp: {}
Thu Feb 06 09:21:15 CST 2025-server started on port:12500
Thu Feb 06 09:21:47 CST 2025-method: fooparams: [Ljava.lang.Object;@17211155 resp: {}
Thu Feb 06 09:23:16 CST 2025-server started on port:12332
Thu Feb 06 09:23:16 CST 2025-method: fooparams: [Ljava.lang.Object;@548df94 resp: {}
Thu Feb 06 09:27:51 CST 2025-server started on port:12122
Thu Feb 06 09:27:51 CST 2025-method: fooparams: [Ljava.lang.Object;@6b7b4f40 resp: 1
Thu Feb 06 09:28:14 CST 2025-server started on port:11836
Thu Feb 06 09:28:14 CST 2025-method: fooparams: [Ljava.lang.Object;@b3d7190 resp: 1
Thu Feb 06 09:33:10 CST 2025-fail to call err, java.net.UnknownHostException: 不知道这样的主机。 (rpcChannel.getServerAddress())
Thu Feb 06 09:33:10 CST 2025-server started on port:11602
Thu Feb 06 09:33:27 CST 2025-server started on port:11150
Thu Feb 06 09:33:27 CST 2025-fail to call err, io.netty.channel.AbstractChannel$AnnotatedSocketException: Network is unreachable: no further information: /0.0.0.1:11150
Thu Feb 06 09:34:28 CST 2025-server started on port:11446
Thu Feb 06 09:34:30 CST 2025-fail to call err, io.netty.channel.ConnectTimeoutException: connection timed out: /192.0.0.2:11446
Tue Feb 11 16:15:30 CST 2025-server started on port:11583
Tue Feb 11 16:18:41 CST 2025-server started on port:9992
Tue Feb 11 17:24:03 CST 2025-server started on port:11956
Tue Feb 11 17:24:38 CST 2025-server started on port:11641
Wed Feb 12 13:21:06 CST 2025-server started on port:11913
Wed Feb 12 13:36:36 CST 2025-server started on port:11667
Wed Feb 12 13:39:33 CST 2025-server started on port:12174
Wed Feb 12 13:42:05 CST 2025-server started on port:11770
Wed Feb 12 13:56:29 CST 2025-server started on port:9992
Wed Feb 12 13:57:06 CST 2025-method: requireTaskparams: [Ljava.lang.Object;@432038ec resp: {"id":0,"ipaddress":"127.0.0.1:14441","parallelism":2,"taskType":"Continuous-reader"}
Wed Feb 12 14:08:49 CST 2025-server started on port:9992
Wed Feb 12 14:08:49 CST 2025-method: requireTaskparams: [Ljava.lang.Object;@282cb7c7 resp: {"id":0,"ipaddress":"127.0.0.1:14592","parallelism":2,"taskType":"Continuous-reader"}
Wed Feb 12 14:09:10 CST 2025-server started on port:9992
Wed Feb 12 14:09:12 CST 2025-method: requireTaskparams: [Ljava.lang.Object;@258d79be resp: {"id":0,"ipaddress":"127.0.0.1:14781","parallelism":2,"taskType":"Continuous-reader"}
Wed Feb 12 14:09:30 CST 2025-server started on port:9992
Wed Feb 12 14:09:31 CST 2025-method: requireTaskparams: [Ljava.lang.Object;@14f9390f resp: {"id":0,"ipaddress":"127.0.0.1:14224","parallelism":2,"taskType":"Continuous-reader"}
Wed Feb 12 14:12:02 CST 2025-server started on port:9992
Wed Feb 12 14:12:04 CST 2025-method: requireTaskparams: [Ljava.lang.Object;@14f9390f resp: {"id":0,"ipaddress":"127.0.0.1:14666","parallelism":2,"taskType":"Continuous-reader"}
Wed Feb 12 14:12:09 CST 2025-method: requireTaskparams: [Ljava.lang.Object;@7922d892 resp: {"id":1,"ipaddress":"127.0.0.2:14718","parallelism":2,"taskType":"vehicle-Mapper"}
Wed Feb 12 14:12:30 CST 2025-server started on port:9992
Wed Feb 12 14:12:31 CST 2025-method: requireTaskparams: [Ljava.lang.Object;@14f9390f resp: {"id":0,"ipaddress":"127.0.0.1:14478","parallelism":2,"taskType":"Continuous-reader"}
Wed Feb 12 14:12:34 CST 2025-method: requireTaskparams: [Ljava.lang.Object;@20f5281c resp: {"id":1,"ipaddress":"127.0.0.2:14290","parallelism":2,"taskType":"vehicle-Mapper"}
Wed Feb 12 14:12:50 CST 2025-server started on port:9992
Wed Feb 12 14:12:50 CST 2025-method: requireTaskparams: [Ljava.lang.Object;@282cb7c7 resp: {"id":0,"ipaddress":"127.0.0.1:14263","parallelism":2,"taskType":"Continuous-reader"}
Wed Feb 12 14:12:50 CST 2025-method: requireTaskparams: [Ljava.lang.Object;@3561c410 resp: {"id":1,"ipaddress":"127.0.0.2:14165","parallelism":2,"taskType":"vehicle-Mapper"}
Wed Feb 12 14:13:10 CST 2025-server started on port:9992
Wed Feb 12 14:13:10 CST 2025-method: requireTaskparams: [Ljava.lang.Object;@282cb7c7 resp: {"id":0,"ipaddress":"127.0.0.1:14781","parallelism":2,"taskType":"Continuous-reader"}
Wed Feb 12 14:13:10 CST 2025-method: requireTaskparams: [Ljava.lang.Object;@3561c410 resp: {"id":1,"ipaddress":"127.0.0.2:14039","parallelism":2,"taskType":"vehicle-Mapper"}
Wed Feb 12 20:03:04 CST 2025-server started on port:9992
Wed Feb 12 20:03:04 CST 2025-method: requireTaskparams: [Ljava.lang.Object;@282cb7c7 resp: {"id":0,"ipaddress":"127.0.0.1:14540","parallelism":2,"taskType":"Continuous-reader"}
Wed Feb 12 20:03:04 CST 2025-method: requireTaskparams: [Ljava.lang.Object;@3561c410 resp: {"id":1,"ipaddress":"127.0.0.2:14008","parallelism":2,"taskType":"vehicle-Mapper"}
Wed Feb 12 20:05:18 CST 2025-server started on port:9992
Wed Feb 12 20:05:18 CST 2025-method: requireTaskparams: [Ljava.lang.Object;@282cb7c7 resp: {"id":0,"ipaddress":"127.0.0.1:14524","parallelism":2,"taskType":"Continuous-reader"}
Wed Feb 12 20:05:18 CST 2025-method: requireTaskparams: [Ljava.lang.Object;@3561c410 resp: {"id":1,"ipaddress":"127.0.0.2:14601","parallelism":2,"taskType":"vehicle-Mapper"}
Wed Feb 12 20:05:37 CST 2025-server started on port:9992
Wed Feb 12 20:05:37 CST 2025-method: requireTaskparams: [Ljava.lang.Object;@282cb7c7 resp: {"id":0,"ipaddress":"127.0.0.1:14227","parallelism":2,"taskType":"Continuous-reader"}
Wed Feb 12 20:05:37 CST 2025-method: requireTaskparams: [Ljava.lang.Object;@3561c410 resp: {"id":1,"ipaddress":"127.0.0.2:14809","parallelism":2,"taskType":"vehicle-Mapper"}
Wed Feb 12 20:06:21 CST 2025-server started on port:9992
Wed Feb 12 20:06:21 CST 2025-method: requireTaskparams: [Ljava.lang.Object;@282cb7c7 resp: {"id":0,"ipaddress":"127.0.0.1:14308","parallelism":2,"taskType":"Continuous-reader"}
Wed Feb 12 20:06:21 CST 2025-method: requireTaskparams: [Ljava.lang.Object;@3561c410 resp: {"id":1,"ipaddress":"127.0.0.2:14761","parallelism":2,"taskType":"vehicle-Mapper"}
Wed Feb 12 20:07:26 CST 2025-server started on port:9992
Wed Feb 12 20:07:26 CST 2025-method: requireTaskparams: [Ljava.lang.Object;@282cb7c7 resp: {"id":0,"ipaddress":"127.0.0.1:14741","parallelism":2,"taskType":"Continuous-reader"}
Wed Feb 12 20:07:26 CST 2025-method: requireTaskparams: [Ljava.lang.Object;@3561c410 resp: {"id":1,"ipaddress":"127.0.0.2:14547","parallelism":2,"taskType":"vehicle-Mapper"}
Wed Feb 12 20:10:04 CST 2025-server started on port:9992
Wed Feb 12 20:10:04 CST 2025-method: requireTaskparams: [Ljava.lang.Object;@282cb7c7 resp: {"id":0,"ipaddress":"127.0.0.1:14313","parallelism":2,"taskType":"Continuous-reader"}
Wed Feb 12 20:10:04 CST 2025-method: requireTaskparams: [Ljava.lang.Object;@3561c410 resp: {"id":1,"ipaddress":"127.0.0.2:14858","parallelism":2,"taskType":"vehicle-Mapper"}
Fri Feb 14 17:38:45 CST 2025-server started on port:12132
Fri Feb 14 17:39:12 CST 2025-server started on port:12517
Fri Feb 14 17:42:20 CST 2025-server started on port:12797
Fri Feb 14 17:44:41 CST 2025-server started on port:11371
Fri Feb 14 17:45:04 CST 2025-server started on port:11815
Fri Feb 14 17:45:06 CST 2025-method: fooparams: [Ljava.lang.Object;@18bf3d14 resp: null
Fri Feb 14 17:49:34 CST 2025-server started on port:11883
Fri Feb 14 17:58:13 CST 2025-server started on port:12744
Fri Feb 14 18:12:02 CST 2025-server started on port:11717
Fri Feb 14 18:16:05 CST 2025-server started on port:11951
Fri Feb 14 18:32:45 CST 2025-server started on port:11139
Fri Feb 14 18:36:28 CST 2025-server started on port:11250
Fri Feb 14 18:37:30 CST 2025-server started on port:11147
Fri Feb 14 18:42:33 CST 2025-server started on port:11421
Fri Feb 14 18:42:57 CST 2025-server started on port:12480
Fri Feb 14 18:43:38 CST 2025-server started on port:12453
Fri Feb 14 18:44:27 CST 2025-server started on port:11538
Fri Feb 14 18:47:52 CST 2025-server started on port:12500
Fri Feb 14 18:48:20 CST 2025-server started on port:12895
Fri Feb 14 18:48:37 CST 2025-method: fooparams: [Ljava.lang.Object;@57d5872c resp: null
Fri Feb 14 18:50:29 CST 2025-server started on port:11632
Fri Feb 14 18:51:04 CST 2025-server started on port:11164
Fri Feb 14 18:54:10 CST 2025-server started on port:12726
Fri Feb 14 18:56:32 CST 2025-server started on port:12940
Fri Feb 14 18:56:58 CST 2025-server started on port:11836
Fri Feb 14 18:59:20 CST 2025-server started on port:12095
Fri Feb 14 21:12:08 CST 2025-method: fooparams: [Ljava.lang.Object;@223f3642 resp: null
Sat Feb 15 16:11:56 CST 2025-server started on port:9992
Sat Feb 15 16:14:31 CST 2025-server started on port:9991
Sat Feb 15 16:14:31 CST 2025-server started on port:9992
Sat Feb 15 16:16:16 CST 2025-server started on port:9991
Sat Feb 15 16:16:17 CST 2025-server started on port:9992
Sat Feb 15 16:16:18 CST 2025-method: receiveEventparams: [Ljava.lang.Object;@3dd3e795 resp: -1
Sat Feb 15 16:16:18 CST 2025-method: receiveEventparams: [Ljava.lang.Object;@11530698 resp: -1
Sat Feb 15 16:16:28 CST 2025-method: receiveEventparams: [Ljava.lang.Object;@34609524 resp: -1
Sat Feb 15 16:16:29 CST 2025-method: receiveEventparams: [Ljava.lang.Object;@353cd558 resp: -1
Sat Feb 15 16:17:09 CST 2025-method: receiveEventparams: [Ljava.lang.Object;@36dad8ea resp: -1
Sat Feb 15 16:17:11 CST 2025-server started on port:9991
Sat Feb 15 16:17:11 CST 2025-server started on port:9992
Sat Feb 15 16:18:20 CST 2025-method: receiveEventparams: [Ljava.lang.Object;@1f0cac8b resp: -1
Sat Feb 15 16:18:20 CST 2025-method: receiveEventparams: [Ljava.lang.Object;@469cf43b resp: -1
Sat Feb 15 16:18:25 CST 2025-server started on port:9991
Sat Feb 15 16:18:25 CST 2025-server started on port:9992
Sat Feb 15 16:18:42 CST 2025-method: receiveEventparams: [Ljava.lang.Object;@1fc1ff21 resp: 1
Sat Feb 15 16:18:42 CST 2025-method: receiveEventparams: [Ljava.lang.Object;@e4bb6ed resp: 1
Sat Feb 15 16:19:07 CST 2025-server started on port:9991
Sat Feb 15 16:19:18 CST 2025-server started on port:9992
Sat Feb 15 16:19:53 CST 2025-server started on port:9991
Sat Feb 15 16:19:53 CST 2025-server started on port:9992
Sat Feb 15 16:20:05 CST 2025-method: receiveEventparams: [Ljava.lang.Object;@1e83e28c resp: 1
Sat Feb 15 16:20:05 CST 2025-method: receiveEventparams: [Ljava.lang.Object;@225c4394 resp: 1
Sat Feb 15 16:20:41 CST 2025-method: receiveEventparams: [Ljava.lang.Object;@111b228b resp: 1
Sat Feb 15 16:20:41 CST 2025-method: receiveEventparams: [Ljava.lang.Object;@7645efee resp: 1
Sat Feb 15 16:20:52 CST 2025-server started on port:9991
Sat Feb 15 16:21:17 CST 2025-server started on port:9991
Sat Feb 15 16:21:25 CST 2025-server started on port:9992
Sat Feb 15 16:22:46 CST 2025-server started on port:9991
Sat Feb 15 16:23:43 CST 2025-fail to call err, io.netty.channel.AbstractChannel$AnnotatedConnectException: Connection refused: no further information: /127.0.0.1:9992
Sat Feb 15 16:23:43 CST 2025-fail to call err, io.netty.channel.AbstractChannel$AnnotatedConnectException: Connection refused: no further information: /127.0.0.1:9992
Sat Feb 15 16:24:15 CST 2025-server started on port:9991
Sat Feb 15 16:24:48 CST 2025-method: receiveEventparams: [Ljava.lang.Object;@3f343b82 resp: 1
Sat Feb 15 16:24:48 CST 2025-method: receiveEventparams: [Ljava.lang.Object;@7e64030b resp: 1
Sat Feb 15 16:26:44 CST 2025-method: receiveEventparams: [Ljava.lang.Object;@220b41c resp: 1
Sat Feb 15 16:26:53 CST 2025-server started on port:9991
Sat Feb 15 16:27:37 CST 2025-method: receiveEventparams: [Ljava.lang.Object;@5c2c524b resp: 1
Sat Feb 15 16:27:37 CST 2025-method: receiveEventparams: [Ljava.lang.Object;@51063457 resp: 1
Sat Feb 15 16:27:49 CST 2025-method: receiveEventparams: [Ljava.lang.Object;@1bf6eff1 resp: 1
Sat Feb 15 16:28:06 CST 2025-method: receiveEventparams: [Ljava.lang.Object;@1a642a1e resp: 1
Sat Feb 15 16:28:08 CST 2025-server started on port:9991
Sat Feb 15 16:28:09 CST 2025-method: receiveEventparams: [Ljava.lang.Object;@237f48c8 resp: 1
Sat Feb 15 16:28:09 CST 2025-method: receiveEventparams: [Ljava.lang.Object;@7ead224e resp: 1
Sat Feb 15 16:28:10 CST 2025-method: receiveEventparams: [Ljava.lang.Object;@771a31fd resp: 1
Sat Feb 15 16:28:10 CST 2025-method: receiveEventparams: [Ljava.lang.Object;@56fc9f2b resp: 1
Sat Feb 15 16:28:11 CST 2025-method: receiveEventparams: [Ljava.lang.Object;@3af5f690 resp: 1
Sat Feb 15 16:28:11 CST 2025-method: receiveEventparams: [Ljava.lang.Object;@1eec689a resp: 1
Sat Feb 15 16:28:12 CST 2025-method: receiveEventparams: [Ljava.lang.Object;@471dd6ea resp: 1
Sat Feb 15 16:28:12 CST 2025-method: receiveEventparams: [Ljava.lang.Object;@58d8f56c resp: 1
Sat Feb 15 16:28:13 CST 2025-method: receiveEventparams: [Ljava.lang.Object;@1a454deb resp: 1
Sat Feb 15 16:28:13 CST 2025-method: receiveEventparams: [Ljava.lang.Object;@47f5f0b5 resp: 1
Sat Feb 15 16:28:13 CST 2025-method: receiveEventparams: [Ljava.lang.Object;@242851c9 resp: 1
Sat Feb 15 16:28:13 CST 2025-method: receiveEventparams: [Ljava.lang.Object;@178cde8c resp: 1
Sat Feb 15 16:28:17 CST 2025-method: receiveEventparams: [Ljava.lang.Object;@ae23f30 resp: 1
Sat Feb 15 16:28:17 CST 2025-method: receiveEventparams: [Ljava.lang.Object;@124ef089 resp: 1
Sat Feb 15 16:28:18 CST 2025-method: receiveEventparams: [Ljava.lang.Object;@5d4cde3 resp: 1
Sat Feb 15 16:28:18 CST 2025-method: receiveEventparams: [Ljava.lang.Object;@39549dba resp: 1
Sat Feb 15 16:28:21 CST 2025-method: receiveEventparams: [Ljava.lang.Object;@2b42f6e8 resp: 1
Sat Feb 15 16:28:21 CST 2025-method: receiveEventparams: [Ljava.lang.Object;@47ff89a9 resp: 1
Sat Feb 15 16:28:22 CST 2025-method: receiveEventparams: [Ljava.lang.Object;@1ba837f resp: 1
Sat Feb 15 16:28:22 CST 2025-method: receiveEventparams: [Ljava.lang.Object;@1e0b48d0 resp: 1
Sat Feb 15 16:28:24 CST 2025-method: receiveEventparams: [Ljava.lang.Object;@59d15aa9 resp: 1
Sat Feb 15 16:28:24 CST 2025-method: receiveEventparams: [Ljava.lang.Object;@7f13910 resp: 1
Sat Feb 15 16:28:25 CST 2025-method: receiveEventparams: [Ljava.lang.Object;@2dec29e4 resp: 1
Sat Feb 15 16:28:25 CST 2025-method: receiveEventparams: [Ljava.lang.Object;@215b8a13 resp: 1
Sat Feb 15 16:28:26 CST 2025-method: receiveEventparams: [Ljava.lang.Object;@deb1024 resp: 1
Sat Feb 15 16:28:26 CST 2025-method: receiveEventparams: [Ljava.lang.Object;@28bea8c4 resp: 1
Sat Feb 15 16:28:29 CST 2025-method: receiveEventparams: [Ljava.lang.Object;@24cd2b6c resp: 1
Sat Feb 15 16:28:29 CST 2025-method: receiveEventparams: [Ljava.lang.Object;@33dd1ec7 resp: 1
Sat Feb 15 16:28:29 CST 2025-method: receiveEventparams: [Ljava.lang.Object;@56a3d8be resp: 1
Sat Feb 15 16:28:29 CST 2025-method: receiveEventparams: [Ljava.lang.Object;@6a49e13e resp: 1
Sat Feb 15 16:28:30 CST 2025-method: receiveEventparams: [Ljava.lang.Object;@69a89ab8 resp: 1
Sat Feb 15 16:28:30 CST 2025-method: receiveEventparams: [Ljava.lang.Object;@13bbc2ae resp: 1
Sat Feb 15 16:28:31 CST 2025-method: receiveEventparams: [Ljava.lang.Object;@11f3c156 resp: 1
Sat Feb 15 16:28:31 CST 2025-method: receiveEventparams: [Ljava.lang.Object;@453be99c resp: 1
Sat Feb 15 16:28:32 CST 2025-method: receiveEventparams: [Ljava.lang.Object;@f323ab resp: 1
Sat Feb 15 16:28:32 CST 2025-method: receiveEventparams: [Ljava.lang.Object;@4f045917 resp: 1
Sat Feb 15 16:28:32 CST 2025-method: receiveEventparams: [Ljava.lang.Object;@72c1769f resp: 1
Sat Feb 15 16:28:32 CST 2025-method: receiveEventparams: [Ljava.lang.Object;@1b069de9 resp: 1
Sat Feb 15 16:28:33 CST 2025-method: receiveEventparams: [Ljava.lang.Object;@16160f0b resp: 1
Sat Feb 15 16:28:33 CST 2025-method: receiveEventparams: [Ljava.lang.Object;@7f9ac801 resp: 1
Sat Feb 15 16:28:33 CST 2025-method: receiveEventparams: [Ljava.lang.Object;@6fddf4dc resp: 1
Sat Feb 15 16:28:33 CST 2025-method: receiveEventparams: [Ljava.lang.Object;@2ec21a47 resp: 1
Sat Feb 15 16:28:33 CST 2025-method: receiveEventparams: [Ljava.lang.Object;@3e3bdc11 resp: 1
Sat Feb 15 16:28:33 CST 2025-method: receiveEventparams: [Ljava.lang.Object;@6a28fb13 resp: 1
Sat Feb 15 16:28:33 CST 2025-method: receiveEventparams: [Ljava.lang.Object;@450d77c9 resp: 1
Sat Feb 15 16:28:33 CST 2025-method: receiveEventparams: [Ljava.lang.Object;@189f8895 resp: 1
Sat Feb 15 16:28:33 CST 2025-method: receiveEventparams: [Ljava.lang.Object;@7e838ba4 resp: 1
Sat Feb 15 16:28:33 CST 2025-method: receiveEventparams: [Ljava.lang.Object;@15364ffc resp: 1
Sat Feb 15 16:28:34 CST 2025-method: receiveEventparams: [Ljava.lang.Object;@5752b611 resp: 1
Sat Feb 15 16:28:34 CST 2025-method: receiveEventparams: [Ljava.lang.Object;@44ef14a5 resp: 1
Sat Feb 15 16:28:34 CST 2025-method: receiveEventparams: [Ljava.lang.Object;@20255ac5 resp: 1
Sat Feb 15 16:28:34 CST 2025-method: receiveEventparams: [Ljava.lang.Object;@107d8f95 resp: 1
Sat Feb 15 16:28:34 CST 2025-method: receiveEventparams: [Ljava.lang.Object;@484ca34c resp: 1
Sat Feb 15 16:28:34 CST 2025-method: receiveEventparams: [Ljava.lang.Object;@1bf6eff1 resp: 1
Sat Feb 15 16:28:34 CST 2025-method: receiveEventparams: [Ljava.lang.Object;@3be0ebcd resp: 1
Sat Feb 15 16:28:34 CST 2025-method: receiveEventparams: [Ljava.lang.Object;@6640403d resp: 1
Sat Feb 15 16:28:34 CST 2025-method: receiveEventparams: [Ljava.lang.Object;@6164c4c0 resp: 1
Sat Feb 15 16:28:34 CST 2025-method: receiveEventparams: [Ljava.lang.Object;@36f1f30c resp: 1
Sat Feb 15 16:28:34 CST 2025-method: receiveEventparams: [Ljava.lang.Object;@7735d767 resp: 1
Sat Feb 15 16:28:34 CST 2025-method: receiveEventparams: [Ljava.lang.Object;@4110fc52 resp: 1
Sat Feb 15 16:28:35 CST 2025-method: receiveEventparams: [Ljava.lang.Object;@4d693d61 resp: 1
Sat Feb 15 16:28:35 CST 2025-method: receiveEventparams: [Ljava.lang.Object;@426b1ea9 resp: 1
Sat Feb 15 16:28:35 CST 2025-method: receiveEventparams: [Ljava.lang.Object;@c190fdd resp: 1
Sat Feb 15 16:28:35 CST 2025-method: receiveEventparams: [Ljava.lang.Object;@339a1161 resp: 1
Sat Feb 15 16:28:35 CST 2025-method: receiveEventparams: [Ljava.lang.Object;@5dc5d52f resp: 1
Sat Feb 15 16:28:35 CST 2025-method: receiveEventparams: [Ljava.lang.Object;@e84f29e resp: 1
Sat Feb 15 16:28:36 CST 2025-method: receiveEventparams: [Ljava.lang.Object;@12840f8c resp: 1
Sat Feb 15 16:28:36 CST 2025-method: receiveEventparams: [Ljava.lang.Object;@29d3caa4 resp: 1
Sat Feb 15 16:28:36 CST 2025-method: receiveEventparams: [Ljava.lang.Object;@5ab88f5c resp: 1
Sat Feb 15 16:28:36 CST 2025-method: receiveEventparams: [Ljava.lang.Object;@2a6165c6 resp: 1
Sat Feb 15 16:28:36 CST 2025-method: receiveEventparams: [Ljava.lang.Object;@75eaab5e resp: 1
Sat Feb 15 16:28:36 CST 2025-method: receiveEventparams: [Ljava.lang.Object;@2d76b4fd resp: 1
Sat Feb 15 16:28:36 CST 2025-method: receiveEventparams: [Ljava.lang.Object;@2df874a9 resp: 1
Sat Feb 15 16:28:36 CST 2025-method: receiveEventparams: [Ljava.lang.Object;@5ec145bb resp: 1
Sat Feb 15 16:28:36 CST 2025-method: receiveEventparams: [Ljava.lang.Object;@1b635330 resp: 1
Sat Feb 15 16:28:36 CST 2025-method: receiveEventparams: [Ljava.lang.Object;@673e382d resp: 1
Sat Feb 15 16:28:37 CST 2025-method: receiveEventparams: [Ljava.lang.Object;@59e40381 resp: 1
Sat Feb 15 16:28:37 CST 2025-method: receiveEventparams: [Ljava.lang.Object;@415cdbdd resp: 1
Sat Feb 15 16:28:37 CST 2025-method: receiveEventparams: [Ljava.lang.Object;@7b471e6a resp: 1
Sat Feb 15 16:28:37 CST 2025-method: receiveEventparams: [Ljava.lang.Object;@22a1f166 resp: 1
Sat Feb 15 16:28:37 CST 2025-method: receiveEventparams: [Ljava.lang.Object;@29b831ee resp: 1
Sat Feb 15 16:28:37 CST 2025-method: receiveEventparams: [Ljava.lang.Object;@66a4014c resp: 1
Sat Feb 15 16:28:37 CST 2025-method: receiveEventparams: [Ljava.lang.Object;@653fa113 resp: 1
Sat Feb 15 16:28:37 CST 2025-method: receiveEventparams: [Ljava.lang.Object;@12ddbf3e resp: 1
Sat Feb 15 16:28:38 CST 2025-method: receiveEventparams: [Ljava.lang.Object;@56263f77 resp: 1
Sat Feb 15 16:28:38 CST 2025-method: receiveEventparams: [Ljava.lang.Object;@5a92c18a resp: 1
Sat Feb 15 16:28:38 CST 2025-method: receiveEventparams: [Ljava.lang.Object;@4933ddcd resp: 1
Sat Feb 15 16:28:38 CST 2025-method: receiveEventparams: [Ljava.lang.Object;@6dcb917 resp: 1
Sat Feb 15 16:28:39 CST 2025-method: receiveEventparams: [Ljava.lang.Object;@539ae9c5 resp: 1
Sat Feb 15 16:28:39 CST 2025-method: receiveEventparams: [Ljava.lang.Object;@4a6380b0 resp: 1
Sat Feb 15 16:28:39 CST 2025-method: receiveEventparams: [Ljava.lang.Object;@78a98a54 resp: 1
Sat Feb 15 16:28:39 CST 2025-method: receiveEventparams: [Ljava.lang.Object;@597c753d resp: 1
Sat Feb 15 16:28:39 CST 2025-method: receiveEventparams: [Ljava.lang.Object;@60aa4478 resp: 1
Sat Feb 15 16:28:39 CST 2025-method: receiveEventparams: [Ljava.lang.Object;@a2771d3 resp: 1
Sat Feb 15 16:28:40 CST 2025-method: receiveEventparams: [Ljava.lang.Object;@655fda04 resp: 1
Sat Feb 15 16:28:40 CST 2025-method: receiveEventparams: [Ljava.lang.Object;@531aebc0 resp: 1
Sat Feb 15 16:28:42 CST 2025-method: receiveEventparams: [Ljava.lang.Object;@6b68a375 resp: 1
Sat Feb 15 16:28:42 CST 2025-method: receiveEventparams: [Ljava.lang.Object;@18150ed1 resp: 1
Sat Feb 15 16:28:44 CST 2025-server started on port:9991
Sat Feb 15 16:28:44 CST 2025-method: receiveEventparams: [Ljava.lang.Object;@41c8a546 resp: 1
Sat Feb 15 16:28:44 CST 2025-method: receiveEventparams: [Ljava.lang.Object;@3b3007c0 resp: 1
Sat Feb 15 16:28:44 CST 2025-method: receiveEventparams: [Ljava.lang.Object;@333bce15 resp: 1
Sat Feb 15 16:28:44 CST 2025-method: receiveEventparams: [Ljava.lang.Object;@212df6f4 resp: 1
Sat Feb 15 16:28:44 CST 2025-method: receiveEventparams: [Ljava.lang.Object;@575ca1cc resp: 1
Sat Feb 15 16:28:44 CST 2025-method: receiveEventparams: [Ljava.lang.Object;@59023718 resp: 1
Sat Feb 15 16:28:44 CST 2025-method: receiveEventparams: [Ljava.lang.Object;@2ae25baa resp: 1
Sat Feb 15 16:28:44 CST 2025-method: receiveEventparams: [Ljava.lang.Object;@9bf520f resp: 1
Sat Feb 15 16:28:45 CST 2025-method: receiveEventparams: [Ljava.lang.Object;@1e2586a3 resp: 1
Sat Feb 15 16:28:45 CST 2025-method: receiveEventparams: [Ljava.lang.Object;@23240d62 resp: 1
Sat Feb 15 16:28:45 CST 2025-method: receiveEventparams: [Ljava.lang.Object;@6952a88e resp: 1
Sat Feb 15 16:28:45 CST 2025-method: receiveEventparams: [Ljava.lang.Object;@78e37f68 resp: 1
Sat Feb 15 16:28:45 CST 2025-method: receiveEventparams: [Ljava.lang.Object;@6423f4ef resp: 1
Sat Feb 15 16:28:45 CST 2025-method: receiveEventparams: [Ljava.lang.Object;@3838f8bc resp: 1
Sat Feb 15 16:28:45 CST 2025-method: receiveEventparams: [Ljava.lang.Object;@44d7cad7 resp: 1
Sat Feb 15 16:28:45 CST 2025-method: receiveEventparams: [Ljava.lang.Object;@6ccc1289 resp: 1
Sat Feb 15 16:28:45 CST 2025-method: receiveEventparams: [Ljava.lang.Object;@310dcad7 resp: 1
Sat Feb 15 16:28:45 CST 2025-method: receiveEventparams: [Ljava.lang.Object;@32b51705 resp: 1
Sat Feb 15 16:28:45 CST 2025-method: receiveEventparams: [Ljava.lang.Object;@2b723c8 resp: 1
Sat Feb 15 16:28:45 CST 2025-method: receiveEventparams: [Ljava.lang.Object;@2c1f4ae2 resp: 1
Sat Feb 15 16:28:45 CST 2025-method: receiveEventparams: [Ljava.lang.Object;@4dfcfcc9 resp: 1
Sat Feb 15 16:28:45 CST 2025-method: receiveEventparams: [Ljava.lang.Object;@2a01d767 resp: 1
Sat Feb 15 16:28:45 CST 2025-method: receiveEventparams: [Ljava.lang.Object;@4278406b resp: 1
Sat Feb 15 16:28:45 CST 2025-method: receiveEventparams: [Ljava.lang.Object;@bafc443 resp: 1
Sat Feb 15 16:28:45 CST 2025-method: receiveEventparams: [Ljava.lang.Object;@37c34d93 resp: 1
Sat Feb 15 16:28:45 CST 2025-method: receiveEventparams: [Ljava.lang.Object;@753d2ca2 resp: 1
Sat Feb 15 16:28:46 CST 2025-method: receiveEventparams: [Ljava.lang.Object;@40c65a9e resp: 1
Sat Feb 15 16:28:46 CST 2025-method: receiveEventparams: [Ljava.lang.Object;@44d8c9c3 resp: 1
Sat Feb 15 16:28:46 CST 2025-method: receiveEventparams: [Ljava.lang.Object;@5e0431c1 resp: 1
Sat Feb 15 16:28:46 CST 2025-method: receiveEventparams: [Ljava.lang.Object;@7fd8d1a9 resp: 1
Sat Feb 15 16:28:46 CST 2025-method: receiveEventparams: [Ljava.lang.Object;@7addc94f resp: 1
Sat Feb 15 16:28:46 CST 2025-method: receiveEventparams: [Ljava.lang.Object;@53b10735 resp: 1
Sat Feb 15 16:28:46 CST 2025-method: receiveEventparams: [Ljava.lang.Object;@4946efab resp: 1
Sat Feb 15 16:28:46 CST 2025-method: receiveEventparams: [Ljava.lang.Object;@d897a17 resp: 1
Sat Feb 15 16:28:46 CST 2025-method: receiveEventparams: [Ljava.lang.Object;@7b7e9e11 resp: 1
Sat Feb 15 16:28:46 CST 2025-method: receiveEventparams: [Ljava.lang.Object;@49efd8 resp: 1
Sat Feb 15 16:28:46 CST 2025-method: receiveEventparams: [Ljava.lang.Object;@53a958bb resp: 1
Sat Feb 15 16:28:46 CST 2025-method: receiveEventparams: [Ljava.lang.Object;@1a5e46fb resp: 1
Sat Feb 15 16:28:46 CST 2025-method: receiveEventparams: [Ljava.lang.Object;@137d4b resp: 1
Sat Feb 15 16:28:46 CST 2025-method: receiveEventparams: [Ljava.lang.Object;@23f4297b resp: 1
Sat Feb 15 16:28:46 CST 2025-method: receiveEventparams: [Ljava.lang.Object;@41d85512 resp: 1
Sat Feb 15 16:28:46 CST 2025-method: receiveEventparams: [Ljava.lang.Object;@34dcf681 resp: 1
Sat Feb 15 16:32:40 CST 2025-server started on port:9991
Sat Feb 15 16:32:41 CST 2025-method: receiveEventparams: [Ljava.lang.Object;@5a2f4f7c resp: 1
Sat Feb 15 16:32:41 CST 2025-method: receiveEventparams: [Ljava.lang.Object;@7337467e resp: 1
Sat Feb 15 16:32:41 CST 2025-method: receiveEventparams: [Ljava.lang.Object;@fbe127e resp: 1
Sat Feb 15 16:32:41 CST 2025-method: receiveEventparams: [Ljava.lang.Object;@2a421d06 resp: 1
Sat Feb 15 16:32:41 CST 2025-method: receiveEventparams: [Ljava.lang.Object;@49ac1b31 resp: 1
Sat Feb 15 16:32:41 CST 2025-method: receiveEventparams: [Ljava.lang.Object;@2b93b66e resp: 1
Sat Feb 15 16:32:41 CST 2025-method: receiveEventparams: [Ljava.lang.Object;@7b5a7f5f resp: 1
Sat Feb 15 16:32:41 CST 2025-method: receiveEventparams: [Ljava.lang.Object;@192f2e33 resp: 1
Sat Feb 15 16:32:41 CST 2025-method: receiveEventparams: [Ljava.lang.Object;@5a5d9116 resp: 1
Sat Feb 15 16:32:41 CST 2025-method: receiveEventparams: [Ljava.lang.Object;@353884fc resp: 1
Sat Feb 15 16:32:41 CST 2025-method: receiveEventparams: [Ljava.lang.Object;@4b17344e resp: 1
Sat Feb 15 16:32:41 CST 2025-method: receiveEventparams: [Ljava.lang.Object;@47fb9270 resp: 1
Sat Feb 15 16:32:41 CST 2025-method: receiveEventparams: [Ljava.lang.Object;@d3842be resp: 1
Sat Feb 15 16:32:41 CST 2025-method: receiveEventparams: [Ljava.lang.Object;@21e5bf69 resp: 1
Sat Feb 15 16:32:41 CST 2025-method: receiveEventparams: [Ljava.lang.Object;@186ed29 resp: 1
Sat Feb 15 16:32:41 CST 2025-method: receiveEventparams: [Ljava.lang.Object;@1f4418a0 resp: 1
Sat Feb 15 16:32:42 CST 2025-method: receiveEventparams: [Ljava.lang.Object;@65d76e2d resp: 1
Sat Feb 15 16:32:42 CST 2025-method: receiveEventparams: [Ljava.lang.Object;@3e58d0ce resp: 1
Sat Feb 15 16:32:42 CST 2025-method: receiveEventparams: [Ljava.lang.Object;@75e0ab12 resp: 1
Sat Feb 15 16:32:42 CST 2025-method: receiveEventparams: [Ljava.lang.Object;@310dcad7 resp: 1
Sat Feb 15 16:32:42 CST 2025-method: receiveEventparams: [Ljava.lang.Object;@240eb98c resp: 1
Sat Feb 15 16:32:42 CST 2025-method: receiveEventparams: [Ljava.lang.Object;@1471824d resp: 1
Sat Feb 15 16:32:42 CST 2025-method: receiveEventparams: [Ljava.lang.Object;@6e8801b3 resp: 1
Sat Feb 15 16:32:42 CST 2025-method: receiveEventparams: [Ljava.lang.Object;@143edaee resp: 1
Sat Feb 15 16:32:42 CST 2025-method: receiveEventparams: [Ljava.lang.Object;@476d8b1e resp: 1
Sat Feb 15 16:32:42 CST 2025-method: receiveEventparams: [Ljava.lang.Object;@67223781 resp: 1
Sat Feb 15 16:32:42 CST 2025-method: receiveEventparams: [Ljava.lang.Object;@65cbb43c resp: 1
Sat Feb 15 16:32:42 CST 2025-method: receiveEventparams: [Ljava.lang.Object;@33b6a820 resp: 1
Sat Feb 15 16:32:42 CST 2025-method: receiveEventparams: [Ljava.lang.Object;@2b723c8 resp: 1
Sat Feb 15 16:32:42 CST 2025-method: receiveEventparams: [Ljava.lang.Object;@389193c8 resp: 1
Sat Feb 15 16:32:42 CST 2025-method: receiveEventparams: [Ljava.lang.Object;@6592ba98 resp: 1
Sat Feb 15 16:32:42 CST 2025-method: receiveEventparams: [Ljava.lang.Object;@669dbcec resp: 1
Sat Feb 15 16:32:42 CST 2025-method: receiveEventparams: [Ljava.lang.Object;@47c2725c resp: 1
Sat Feb 15 16:32:42 CST 2025-method: receiveEventparams: [Ljava.lang.Object;@49604518 resp: 1
Sat Feb 15 16:32:43 CST 2025-method: receiveEventparams: [Ljava.lang.Object;@7addc94f resp: 1
Sat Feb 15 16:32:43 CST 2025-method: receiveEventparams: [Ljava.lang.Object;@53b10735 resp: 1
Sat Feb 15 16:32:43 CST 2025-method: receiveEventparams: [Ljava.lang.Object;@b63cc7a resp: 1
Sat Feb 15 16:32:43 CST 2025-method: receiveEventparams: [Ljava.lang.Object;@70c0cefa resp: 1
Sat Feb 15 16:32:43 CST 2025-method: receiveEventparams: [Ljava.lang.Object;@7ecfc95b resp: 1
Sat Feb 15 16:32:43 CST 2025-method: receiveEventparams: [Ljava.lang.Object;@6302f087 resp: 1
Sat Feb 15 16:32:43 CST 2025-method: receiveEventparams: [Ljava.lang.Object;@4060ea9 resp: 1
Sat Feb 15 16:32:43 CST 2025-method: receiveEventparams: [Ljava.lang.Object;@11d8230e resp: 1
Sat Feb 15 16:32:43 CST 2025-method: receiveEventparams: [Ljava.lang.Object;@1cff6fc8 resp: 1
Sat Feb 15 16:32:43 CST 2025-method: receiveEventparams: [Ljava.lang.Object;@137d4b resp: 1
Sat Feb 15 16:32:43 CST 2025-method: receiveEventparams: [Ljava.lang.Object;@742f619c resp: 1
Sat Feb 15 16:32:43 CST 2025-method: receiveEventparams: [Ljava.lang.Object;@20c72571 resp: 1
Thu Feb 20 23:05:22 CST 2025-server started on port:9991
Thu Feb 20 23:05:23 CST 2025-method: receiveEventparams: [Ljava.lang.Object;@74a99e3c resp: 1
Thu Feb 20 23:05:23 CST 2025-method: receiveEventparams: [Ljava.lang.Object;@73e3a11a resp: 1
Thu Feb 20 23:05:23 CST 2025-method: receiveEventparams: [Ljava.lang.Object;@fbe127e resp: 1
Thu Feb 20 23:05:23 CST 2025-method: receiveEventparams: [Ljava.lang.Object;@70d5c544 resp: 1
Thu Feb 20 23:05:23 CST 2025-method: receiveEventparams: [Ljava.lang.Object;@34e75075 resp: 1
Thu Feb 20 23:05:23 CST 2025-method: receiveEventparams: [Ljava.lang.Object;@14916d3d resp: 1
Thu Feb 20 23:05:23 CST 2025-method: receiveEventparams: [Ljava.lang.Object;@4ad5b807 resp: 1
Thu Feb 20 23:05:23 CST 2025-method: receiveEventparams: [Ljava.lang.Object;@7190aed0 resp: 1
Thu Feb 20 23:05:23 CST 2025-method: receiveEventparams: [Ljava.lang.Object;@39e2df36 resp: 1
Thu Feb 20 23:05:23 CST 2025-method: receiveEventparams: [Ljava.lang.Object;@2335c9f5 resp: 1
Thu Feb 20 23:05:23 CST 2025-method: receiveEventparams: [Ljava.lang.Object;@76121e67 resp: 1
Thu Feb 20 23:05:23 CST 2025-method: receiveEventparams: [Ljava.lang.Object;@111b5676 resp: 1
Thu Feb 20 23:05:23 CST 2025-method: receiveEventparams: [Ljava.lang.Object;@5a85a286 resp: 1
Thu Feb 20 23:05:23 CST 2025-method: receiveEventparams: [Ljava.lang.Object;@202f3ede resp: 1
Thu Feb 20 23:05:24 CST 2025-method: receiveEventparams: [Ljava.lang.Object;@7c070b5f resp: 1
Thu Feb 20 23:05:24 CST 2025-method: receiveEventparams: [Ljava.lang.Object;@153ac4f6 resp: 1
Thu Feb 20 23:05:24 CST 2025-method: receiveEventparams: [Ljava.lang.Object;@69877135 resp: 1
Thu Feb 20 23:05:24 CST 2025-method: receiveEventparams: [Ljava.lang.Object;@7d253ee4 resp: 1
Thu Feb 20 23:05:24 CST 2025-method: receiveEventparams: [Ljava.lang.Object;@464d884e resp: 1
Thu Feb 20 23:05:24 CST 2025-method: receiveEventparams: [Ljava.lang.Object;@1a00085c resp: 1
Thu Feb 20 23:05:24 CST 2025-method: receiveEventparams: [Ljava.lang.Object;@7da640c5 resp: 1
Thu Feb 20 23:05:24 CST 2025-method: receiveEventparams: [Ljava.lang.Object;@48ffba7 resp: 1
Thu Feb 20 23:05:24 CST 2025-method: receiveEventparams: [Ljava.lang.Object;@201930ad resp: 1
Thu Feb 20 23:05:24 CST 2025-method: receiveEventparams: [Ljava.lang.Object;@1ada21a3 resp: 1
Thu Feb 20 23:05:24 CST 2025-method: receiveEventparams: [Ljava.lang.Object;@68f3d32a resp: 1
Thu Feb 20 23:05:24 CST 2025-method: receiveEventparams: [Ljava.lang.Object;@29fbdc38 resp: 1
Thu Feb 20 23:05:24 CST 2025-method: receiveEventparams: [Ljava.lang.Object;@dd0487e resp: 1
Thu Feb 20 23:05:24 CST 2025-method: receiveEventparams: [Ljava.lang.Object;@c7b44fd resp: 1
Thu Feb 20 23:05:24 CST 2025-method: receiveEventparams: [Ljava.lang.Object;@6592ba98 resp: 1
Thu Feb 20 23:05:24 CST 2025-method: receiveEventparams: [Ljava.lang.Object;@669dbcec resp: 1
Thu Feb 20 23:05:24 CST 2025-method: receiveEventparams: [Ljava.lang.Object;@2bb4d65e resp: 1
Thu Feb 20 23:05:24 CST 2025-method: receiveEventparams: [Ljava.lang.Object;@6a52cee1 resp: 1
Thu Feb 20 23:05:25 CST 2025-method: receiveEventparams: [Ljava.lang.Object;@2a01d767 resp: 1
Thu Feb 20 23:05:25 CST 2025-method: receiveEventparams: [Ljava.lang.Object;@4dfcfcc9 resp: 1
Thu Feb 20 23:05:25 CST 2025-method: receiveEventparams: [Ljava.lang.Object;@1214b00c resp: 1
Thu Feb 20 23:05:25 CST 2025-method: receiveEventparams: [Ljava.lang.Object;@40d92485 resp: 1
Thu Feb 20 23:05:25 CST 2025-method: receiveEventparams: [Ljava.lang.Object;@11195d1 resp: 1
Thu Feb 20 23:05:25 CST 2025-method: receiveEventparams: [Ljava.lang.Object;@9aaa41d resp: 1
Thu Feb 20 23:05:25 CST 2025-method: receiveEventparams: [Ljava.lang.Object;@30ac725f resp: 1
Thu Feb 20 23:05:25 CST 2025-method: receiveEventparams: [Ljava.lang.Object;@15782520 resp: 1
Thu Feb 20 23:05:25 CST 2025-method: receiveEventparams: [Ljava.lang.Object;@2a6194e6 resp: 1
Thu Feb 20 23:05:25 CST 2025-method: receiveEventparams: [Ljava.lang.Object;@63d10c2c resp: 1
Thu Feb 20 23:05:25 CST 2025-method: receiveEventparams: [Ljava.lang.Object;@29a2c4ea resp: 1
Thu Feb 20 23:05:25 CST 2025-method: receiveEventparams: [Ljava.lang.Object;@4ebc1e0b resp: 1
Thu Feb 20 23:05:25 CST 2025-method: receiveEventparams: [Ljava.lang.Object;@20c72571 resp: 1
Thu Feb 20 23:05:25 CST 2025-method: receiveEventparams: [Ljava.lang.Object;@632675d4 resp: 1
Thu Feb 20 23:05:25 CST 2025-method: receiveEventparams: [Ljava.lang.Object;@1e821b4 resp: 1
Thu Feb 20 23:05:25 CST 2025-method: receiveEventparams: [Ljava.lang.Object;@340225fa resp: 1
Thu Feb 20 23:05:25 CST 2025-method: receiveEventparams: [Ljava.lang.Object;@144bcef4 resp: 1
Thu Feb 20 23:05:25 CST 2025-method: receiveEventparams: [Ljava.lang.Object;@27c77c resp: 1
Thu Feb 20 23:05:26 CST 2025-method: receiveEventparams: [Ljava.lang.Object;@446f4ead resp: 1
Thu Feb 20 23:05:26 CST 2025-method: receiveEventparams: [Ljava.lang.Object;@464af72b resp: 1
Thu Feb 20 23:05:26 CST 2025-method: receiveEventparams: [Ljava.lang.Object;@1e032d59 resp: 1
Thu Feb 20 23:05:26 CST 2025-method: receiveEventparams: [Ljava.lang.Object;@567cad9b resp: 1
Thu Feb 20 23:05:26 CST 2025-method: receiveEventparams: [Ljava.lang.Object;@3053ced2 resp: 1
Thu Feb 20 23:05:26 CST 2025-method: receiveEventparams: [Ljava.lang.Object;@360f4350 resp: 1
Thu Feb 20 23:05:26 CST 2025-method: receiveEventparams: [Ljava.lang.Object;@61682549 resp: 1
Thu Feb 20 23:05:26 CST 2025-method: receiveEventparams: [Ljava.lang.Object;@58b3eaf4 resp: 1
Thu Feb 20 23:05:26 CST 2025-method: receiveEventparams: [Ljava.lang.Object;@31297b4c resp: 1
Thu Feb 20 23:05:26 CST 2025-method: receiveEventparams: [Ljava.lang.Object;@7f9b67bf resp: 1
Thu Feb 20 23:05:26 CST 2025-method: receiveEventparams: [Ljava.lang.Object;@e37e8b0 resp: 1
Thu Feb 20 23:05:26 CST 2025-method: receiveEventparams: [Ljava.lang.Object;@5c1be966 resp: 1
Thu Feb 20 23:05:26 CST 2025-method: receiveEventparams: [Ljava.lang.Object;@4bdfd003 resp: 1
Thu Feb 20 23:05:26 CST 2025-method: receiveEventparams: [Ljava.lang.Object;@1074e51f resp: 1
Thu Feb 20 23:05:26 CST 2025-method: receiveEventparams: [Ljava.lang.Object;@7af680c4 resp: 1
Thu Feb 20 23:05:26 CST 2025-method: receiveEventparams: [Ljava.lang.Object;@58691367 resp: 1
Thu Feb 20 23:05:26 CST 2025-method: receiveEventparams: [Ljava.lang.Object;@6c054c12 resp: 1
Thu Feb 20 23:05:26 CST 2025-method: receiveEventparams: [Ljava.lang.Object;@22efd19 resp: 1
Thu Feb 20 23:05:27 CST 2025-method: receiveEventparams: [Ljava.lang.Object;@6b8c5 resp: 1
Thu Feb 20 23:05:27 CST 2025-method: receiveEventparams: [Ljava.lang.Object;@48309c38 resp: 1
Thu Feb 20 23:05:27 CST 2025-method: receiveEventparams: [Ljava.lang.Object;@586615c0 resp: 1
Thu Feb 20 23:05:27 CST 2025-method: receiveEventparams: [Ljava.lang.Object;@456e33c resp: 1
Thu Feb 20 23:05:27 CST 2025-method: receiveEventparams: [Ljava.lang.Object;@4d71ce5c resp: 1
Thu Feb 20 23:05:27 CST 2025-method: receiveEventparams: [Ljava.lang.Object;@23e37c48 resp: 1
Thu Feb 20 23:05:27 CST 2025-method: receiveEventparams: [Ljava.lang.Object;@6046c837 resp: 1
Thu Feb 20 23:05:27 CST 2025-method: receiveEventparams: [Ljava.lang.Object;@383b5697 resp: 1
Thu Feb 20 23:05:27 CST 2025-method: receiveEventparams: [Ljava.lang.Object;@5e525cd7 resp: 1
Thu Feb 20 23:05:27 CST 2025-method: receiveEventparams: [Ljava.lang.Object;@758ebf22 resp: 1
Thu Feb 20 23:05:27 CST 2025-method: receiveEventparams: [Ljava.lang.Object;@5c68f9 resp: 1
Thu Feb 20 23:05:27 CST 2025-method: receiveEventparams: [Ljava.lang.Object;@6fdcbe8c resp: 1
Thu Feb 20 23:05:27 CST 2025-method: receiveEventparams: [Ljava.lang.Object;@140101dc resp: 1
Thu Feb 20 23:05:27 CST 2025-method: receiveEventparams: [Ljava.lang.Object;@7902b27b resp: 1
Thu Feb 20 23:05:27 CST 2025-method: receiveEventparams: [Ljava.lang.Object;@112a8ff8 resp: 1
Thu Feb 20 23:05:27 CST 2025-method: receiveEventparams: [Ljava.lang.Object;@5b7b02f7 resp: 1
Thu Feb 20 23:05:27 CST 2025-method: receiveEventparams: [Ljava.lang.Object;@170f8f23 resp: 1
Thu Feb 20 23:05:27 CST 2025-method: receiveEventparams: [Ljava.lang.Object;@133ead0f resp: 1
Thu Feb 20 23:05:28 CST 2025-method: receiveEventparams: [Ljava.lang.Object;@72b9dd1 resp: 1
Thu Feb 20 23:05:28 CST 2025-method: receiveEventparams: [Ljava.lang.Object;@bc4a95d resp: 1
Thu Feb 20 23:05:28 CST 2025-method: receiveEventparams: [Ljava.lang.Object;@20a0270e resp: 1
Thu Feb 20 23:05:28 CST 2025-method: receiveEventparams: [Ljava.lang.Object;@c48e6ce resp: 1
Thu Feb 20 23:05:28 CST 2025-method: receiveEventparams: [Ljava.lang.Object;@731e49fa resp: 1
Thu Feb 20 23:05:28 CST 2025-method: receiveEventparams: [Ljava.lang.Object;@5280073 resp: 1
Thu Feb 20 23:05:28 CST 2025-method: receiveEventparams: [Ljava.lang.Object;@6e76eb53 resp: 1
Thu Feb 20 23:05:28 CST 2025-method: receiveEventparams: [Ljava.lang.Object;@89ea5fc resp: 1
Thu Feb 20 23:05:28 CST 2025-method: receiveEventparams: [Ljava.lang.Object;@6773aa34 resp: 1
Thu Feb 20 23:05:28 CST 2025-method: receiveEventparams: [Ljava.lang.Object;@2feec39 resp: 1
Thu Feb 20 23:05:28 CST 2025-method: receiveEventparams: [Ljava.lang.Object;@2c9b7bdf resp: 1
Thu Feb 20 23:05:28 CST 2025-method: receiveEventparams: [Ljava.lang.Object;@1734a67e resp: 1
Thu Feb 20 23:05:28 CST 2025-method: receiveEventparams: [Ljava.lang.Object;@319c7564 resp: 1
Thu Feb 20 23:05:28 CST 2025-method: receiveEventparams: [Ljava.lang.Object;@b10cb98 resp: 1
Thu Feb 20 23:05:28 CST 2025-method: receiveEventparams: [Ljava.lang.Object;@788eeed3 resp: 1
Thu Feb 20 23:05:28 CST 2025-method: receiveEventparams: [Ljava.lang.Object;@7cd82372 resp: 1
Thu Feb 20 23:05:28 CST 2025-method: receiveEventparams: [Ljava.lang.Object;@2efc345f resp: 1
Thu Feb 20 23:05:28 CST 2025-method: receiveEventparams: [Ljava.lang.Object;@28758341 resp: 1
Thu Feb 20 23:05:29 CST 2025-method: receiveEventparams: [Ljava.lang.Object;@7502b570 resp: 1
Thu Feb 20 23:05:29 CST 2025-method: receiveEventparams: [Ljava.lang.Object;@1a0e3e5c resp: 1
Thu Feb 20 23:05:29 CST 2025-method: receiveEventparams: [Ljava.lang.Object;@573b8e49 resp: 1
Thu Feb 20 23:05:29 CST 2025-method: receiveEventparams: [Ljava.lang.Object;@68805239 resp: 1
Thu Feb 20 23:05:29 CST 2025-method: receiveEventparams: [Ljava.lang.Object;@132214f2 resp: 1
Thu Feb 20 23:05:29 CST 2025-method: receiveEventparams: [Ljava.lang.Object;@110b4558 resp: 1
Thu Feb 20 23:05:29 CST 2025-method: receiveEventparams: [Ljava.lang.Object;@42b758f8 resp: 1
Thu Feb 20 23:05:29 CST 2025-method: receiveEventparams: [Ljava.lang.Object;@eede805 resp: 1
Thu Feb 20 23:05:29 CST 2025-method: receiveEventparams: [Ljava.lang.Object;@4d448e06 resp: 1
Thu Feb 20 23:05:29 CST 2025-method: receiveEventparams: [Ljava.lang.Object;@330d9d80 resp: 1
Mon Feb 24 21:25:01 CST 2025-server started on port:9992
Mon Feb 24 21:25:01 CST 2025-server started on port:9993
Mon Feb 24 21:25:01 CST 2025-method: requireTaskparams: [Ljava.lang.Object;@5fb759d6 resp: {"component":{"interval":1000,"name":"VehicleSource","outgoingStream":{"appliedOperators":[{"applyFunc":{},"groupingStrategy":{},"name":"VehicleMapper","outgoingStream":{"appliedOperators":[{"applyFunc":{},"groupingStrategy":{},"name":"VehicleCounter","outgoingStream":{"appliedOperators":[]},"parallelism":2}]},"parallelism":2}]},"parallelism":2,"vehiceList":["van","car","truck"]},"id":0,"ipaddress":"127.0.0.2:14717","parallelism":2,"taskType":"VehicleSource"}
Mon Feb 24 21:25:01 CST 2025-method: findNextTaskparams: [Ljava.lang.Object;@ea20ff3 resp: {"component":{"applyFunc":{},"groupingStrategy":{},"name":"VehicleMapper","outgoingStream":{"appliedOperators":[{"applyFunc":{},"groupingStrategy":{},"name":"VehicleCounter","outgoingStream":{"appliedOperators":[]},"parallelism":2}]},"parallelism":2},"id":1,"ipaddress":"127.0.0.3:14998","parallelism":2,"taskType":"VehicleMapper"}
